<?xml version="1.0" encoding="UTF-8"?>
<testng-results ignored="0" total="1" passed="1" failed="0" skipped="0">
  <reporter-output>
  </reporter-output>
  <suite started-at="2024-06-25T16:37:51 IST" name="Default suite" finished-at="2024-06-25T16:38:18 IST" duration-ms="27296">
    <groups>
    </groups>
    <test started-at="2024-06-25T16:37:51 IST" name="Default test" finished-at="2024-06-25T16:38:18 IST" duration-ms="27296">
      <class name="com.qa.saucedemo.testcases.Add_To_CartTestCase">
        <test-method is-config="true" signature="setup()[pri:0, instance:com.qa.saucedemo.testcases.Add_To_CartTestCase@5ab956d7]" started-at="2024-06-25T16:37:51 IST" name="setup" finished-at="2024-06-25T16:37:57 IST" duration-ms="6559" status="PASS">
          <reporter-output>
          </reporter-output>
        </test-method> <!-- setup -->
        <test-method signature="Add_To_Cart()[pri:0, instance:com.qa.saucedemo.testcases.Add_To_CartTestCase@5ab956d7]" started-at="2024-06-25T16:37:57 IST" name="Add_To_Cart" finished-at="2024-06-25T16:38:18 IST" duration-ms="20047" status="PASS">
          <reporter-output>
          </reporter-output>
        </test-method> <!-- Add_To_Cart -->
        <test-method is-config="true" signature="tearDown(org.testng.ITestResult)[pri:0, instance:com.qa.saucedemo.testcases.Add_To_CartTestCase@5ab956d7]" started-at="2024-06-25T16:38:18 IST" name="tearDown" finished-at="2024-06-25T16:38:18 IST" duration-ms="560" status="PASS">
          <params>
            <param index="0">
              <value>
                <![CDATA[[TestResult name=Add_To_Cart status=SUCCESS method=Add_To_CartTestCase.Add_To_Cart()[pri:0, instance:com.qa.saucedemo.testcases.Add_To_CartTestCase@5ab956d7] output={null}]]]>
              </value>
            </param>
          </params>
          <reporter-output>
          </reporter-output>
        </test-method> <!-- tearDown -->
      </class> <!-- com.qa.saucedemo.testcases.Add_To_CartTestCase -->
    </test> <!-- Default test -->
  </suite> <!-- Default suite -->
</testng-results>
